[0.017s] Invoking command in '/home/rosdev/ros2_ws/build/object_coords': CMAKE_PREFIX_PATH=${CMAKE_PREFIX_PATH}:/opt/ros/humble /usr/bin/cmake --build /home/rosdev/ros2_ws/build/object_coords -- -j20 -l20
[0.101s] [35m[1mConsolidate compiler generated dependencies of target object_coords[0m
[0.142s] [ 50%] [32mBuilding CXX object CMakeFiles/object_coords.dir/src/object_coords_publisher.cpp.o[0m
[7.260s] [100%] [32m[1mLinking CXX executable object_coords[0m
[7.696s] [100%] Built target object_coords
[7.718s] Invoked command in '/home/rosdev/ros2_ws/build/object_coords' returned '0': CMAKE_PREFIX_PATH=${CMAKE_PREFIX_PATH}:/opt/ros/humble /usr/bin/cmake --build /home/rosdev/ros2_ws/build/object_coords -- -j20 -l20
[7.786s] Invoking command in '/home/rosdev/ros2_ws/build/object_coords': CMAKE_PREFIX_PATH=${CMAKE_PREFIX_PATH}:/opt/ros/humble /usr/bin/cmake --install /home/rosdev/ros2_ws/build/object_coords
[7.803s] -- Install configuration: ""
[7.804s] -- Installing: /home/rosdev/ros2_ws/install/object_coords/lib/object_coords/object_coords
[7.806s] -- Set runtime path of "/home/rosdev/ros2_ws/install/object_coords/lib/object_coords/object_coords" to ""
[7.807s] -- Up-to-date: /home/rosdev/ros2_ws/install/object_coords/share/ament_index/resource_index/package_run_dependencies/object_coords
[7.808s] -- Installing: /home/rosdev/ros2_ws/install/object_coords/share/ament_index/resource_index/parent_prefix_path/object_coords
[7.808s] -- Up-to-date: /home/rosdev/ros2_ws/install/object_coords/share/object_coords/environment/ament_prefix_path.sh
[7.808s] -- Installing: /home/rosdev/ros2_ws/install/object_coords/share/object_coords/environment/ament_prefix_path.dsv
[7.808s] -- Up-to-date: /home/rosdev/ros2_ws/install/object_coords/share/object_coords/environment/path.sh
[7.808s] -- Installing: /home/rosdev/ros2_ws/install/object_coords/share/object_coords/environment/path.dsv
[7.808s] -- Up-to-date: /home/rosdev/ros2_ws/install/object_coords/share/object_coords/local_setup.bash
[7.808s] -- Up-to-date: /home/rosdev/ros2_ws/install/object_coords/share/object_coords/local_setup.sh
[7.809s] -- Up-to-date: /home/rosdev/ros2_ws/install/object_coords/share/object_coords/local_setup.zsh
[7.809s] -- Installing: /home/rosdev/ros2_ws/install/object_coords/share/object_coords/local_setup.dsv
[7.809s] -- Installing: /home/rosdev/ros2_ws/install/object_coords/share/object_coords/package.dsv
[7.809s] -- Up-to-date: /home/rosdev/ros2_ws/install/object_coords/share/ament_index/resource_index/packages/object_coords
[7.809s] -- Up-to-date: /home/rosdev/ros2_ws/install/object_coords/share/object_coords/cmake/object_coordsConfig.cmake
[7.809s] -- Up-to-date: /home/rosdev/ros2_ws/install/object_coords/share/object_coords/cmake/object_coordsConfig-version.cmake
[7.810s] -- Up-to-date: /home/rosdev/ros2_ws/install/object_coords/share/object_coords/package.xml
[7.813s] Invoked command in '/home/rosdev/ros2_ws/build/object_coords' returned '0': CMAKE_PREFIX_PATH=${CMAKE_PREFIX_PATH}:/opt/ros/humble /usr/bin/cmake --install /home/rosdev/ros2_ws/build/object_coords
