[0.970s] Invoking command in '/home/rosdev/ros2_ws/yolo_object_detection': PYTHONPATH=/home/rosdev/ros2_ws/build/yolo_object_detection/prefix_override:/usr/lib/python3/dist-packages/colcon_core/task/python/colcon_distutils_commands:/home/rosdev/ros2_ws/install/yolo_object_detection/lib/python3.10/site-packages:${PYTHONPATH} /usr/bin/python3 -W ignore:setup.py install is deprecated setup.py egg_info --egg-base ../build/yolo_object_detection build --build-base /home/rosdev/ros2_ws/build/yolo_object_detection/build install --record /home/rosdev/ros2_ws/build/yolo_object_detection/install.log --single-version-externally-managed install_data
[1.322s] running egg_info
[1.324s] writing ../build/yolo_object_detection/yolo_object_detection.egg-info/PKG-INFO
[1.324s] writing dependency_links to ../build/yolo_object_detection/yolo_object_detection.egg-info/dependency_links.txt
[1.324s] writing entry points to ../build/yolo_object_detection/yolo_object_detection.egg-info/entry_points.txt
[1.325s] writing requirements to ../build/yolo_object_detection/yolo_object_detection.egg-info/requires.txt
[1.325s] writing top-level names to ../build/yolo_object_detection/yolo_object_detection.egg-info/top_level.txt
[1.329s] reading manifest file '../build/yolo_object_detection/yolo_object_detection.egg-info/SOURCES.txt'
[1.332s] writing manifest file '../build/yolo_object_detection/yolo_object_detection.egg-info/SOURCES.txt'
[1.333s] running build
[1.333s] running build_py
[1.333s] running install
[1.334s] running install_lib
[1.337s] running install_data
[1.337s] running install_egg_info
[1.341s] removing '/home/rosdev/ros2_ws/install/yolo_object_detection/lib/python3.10/site-packages/yolo_object_detection-0.0.0-py3.10.egg-info' (and everything under it)
[1.342s] Copying ../build/yolo_object_detection/yolo_object_detection.egg-info to /home/rosdev/ros2_ws/install/yolo_object_detection/lib/python3.10/site-packages/yolo_object_detection-0.0.0-py3.10.egg-info
[1.343s] running install_scripts
[1.375s] Installing yolo_object_detection script to /home/rosdev/ros2_ws/install/yolo_object_detection/lib/yolo_object_detection
[1.375s] writing list of installed files to '/home/rosdev/ros2_ws/build/yolo_object_detection/install.log'
[1.420s] Invoked command in '/home/rosdev/ros2_ws/yolo_object_detection' returned '0': PYTHONPATH=/home/rosdev/ros2_ws/build/yolo_object_detection/prefix_override:/usr/lib/python3/dist-packages/colcon_core/task/python/colcon_distutils_commands:/home/rosdev/ros2_ws/install/yolo_object_detection/lib/python3.10/site-packages:${PYTHONPATH} /usr/bin/python3 -W ignore:setup.py install is deprecated setup.py egg_info --egg-base ../build/yolo_object_detection build --build-base /home/rosdev/ros2_ws/build/yolo_object_detection/build install --record /home/rosdev/ros2_ws/build/yolo_object_detection/install.log --single-version-externally-managed install_data
