[0.981s] Invoking command in '/home/rosdev/ros2_ws/yolo_object_detection': PYTHONPATH=/home/rosdev/ros2_ws/build/yolo_object_detection/prefix_override:/usr/lib/python3/dist-packages/colcon_core/task/python/colcon_distutils_commands:/home/rosdev/ros2_ws/install/yolo_object_detection/lib/python3.10/site-packages:${PYTHONPATH} /usr/bin/python3 -W ignore:setup.py install is deprecated setup.py egg_info --egg-base ../build/yolo_object_detection build --build-base /home/rosdev/ros2_ws/build/yolo_object_detection/build install --record /home/rosdev/ros2_ws/build/yolo_object_detection/install.log --single-version-externally-managed install_data
[1.304s] running egg_info
[1.305s] creating ../build/yolo_object_detection/yolo_object_detection.egg-info
[1.306s] writing ../build/yolo_object_detection/yolo_object_detection.egg-info/PKG-INFO
[1.306s] writing dependency_links to ../build/yolo_object_detection/yolo_object_detection.egg-info/dependency_links.txt
[1.306s] writing entry points to ../build/yolo_object_detection/yolo_object_detection.egg-info/entry_points.txt
[1.306s] writing requirements to ../build/yolo_object_detection/yolo_object_detection.egg-info/requires.txt
[1.307s] writing top-level names to ../build/yolo_object_detection/yolo_object_detection.egg-info/top_level.txt
[1.307s] writing manifest file '../build/yolo_object_detection/yolo_object_detection.egg-info/SOURCES.txt'
[1.309s] reading manifest file '../build/yolo_object_detection/yolo_object_detection.egg-info/SOURCES.txt'
[1.310s] writing manifest file '../build/yolo_object_detection/yolo_object_detection.egg-info/SOURCES.txt'
[1.310s] running build
[1.311s] running build_py
[1.311s] creating /home/rosdev/ros2_ws/build/yolo_object_detection/build
[1.311s] creating /home/rosdev/ros2_ws/build/yolo_object_detection/build/lib
[1.311s] creating /home/rosdev/ros2_ws/build/yolo_object_detection/build/lib/yolo_object_detection
[1.311s] copying yolo_object_detection/__init__.py -> /home/rosdev/ros2_ws/build/yolo_object_detection/build/lib/yolo_object_detection
[1.312s] copying yolo_object_detection/detection.py -> /home/rosdev/ros2_ws/build/yolo_object_detection/build/lib/yolo_object_detection
[1.312s] running install
[1.312s] running install_lib
[1.314s] creating /home/rosdev/ros2_ws/install/yolo_object_detection/lib/python3.10/site-packages/yolo_object_detection
[1.314s] copying /home/rosdev/ros2_ws/build/yolo_object_detection/build/lib/yolo_object_detection/__init__.py -> /home/rosdev/ros2_ws/install/yolo_object_detection/lib/python3.10/site-packages/yolo_object_detection
[1.314s] copying /home/rosdev/ros2_ws/build/yolo_object_detection/build/lib/yolo_object_detection/detection.py -> /home/rosdev/ros2_ws/install/yolo_object_detection/lib/python3.10/site-packages/yolo_object_detection
[1.315s] byte-compiling /home/rosdev/ros2_ws/install/yolo_object_detection/lib/python3.10/site-packages/yolo_object_detection/__init__.py to __init__.cpython-310.pyc
[1.316s] byte-compiling /home/rosdev/ros2_ws/install/yolo_object_detection/lib/python3.10/site-packages/yolo_object_detection/detection.py to detection.cpython-310.pyc
[1.319s] running install_data
[1.319s] creating /home/rosdev/ros2_ws/install/yolo_object_detection/share/ament_index
[1.319s] creating /home/rosdev/ros2_ws/install/yolo_object_detection/share/ament_index/resource_index
[1.320s] creating /home/rosdev/ros2_ws/install/yolo_object_detection/share/ament_index/resource_index/packages
[1.320s] copying resource/yolo_object_detection -> /home/rosdev/ros2_ws/install/yolo_object_detection/share/ament_index/resource_index/packages
[1.320s] copying package.xml -> /home/rosdev/ros2_ws/install/yolo_object_detection/share/yolo_object_detection
[1.320s] running install_egg_info
[1.323s] Copying ../build/yolo_object_detection/yolo_object_detection.egg-info to /home/rosdev/ros2_ws/install/yolo_object_detection/lib/python3.10/site-packages/yolo_object_detection-0.0.0-py3.10.egg-info
[1.325s] running install_scripts
[1.359s] Installing object_detection_node script to /home/rosdev/ros2_ws/install/yolo_object_detection/lib/yolo_object_detection
[1.359s] writing list of installed files to '/home/rosdev/ros2_ws/build/yolo_object_detection/install.log'
[1.394s] Invoked command in '/home/rosdev/ros2_ws/yolo_object_detection' returned '0': PYTHONPATH=/home/rosdev/ros2_ws/build/yolo_object_detection/prefix_override:/usr/lib/python3/dist-packages/colcon_core/task/python/colcon_distutils_commands:/home/rosdev/ros2_ws/install/yolo_object_detection/lib/python3.10/site-packages:${PYTHONPATH} /usr/bin/python3 -W ignore:setup.py install is deprecated setup.py egg_info --egg-base ../build/yolo_object_detection build --build-base /home/rosdev/ros2_ws/build/yolo_object_detection/build install --record /home/rosdev/ros2_ws/build/yolo_object_detection/install.log --single-version-externally-managed install_data
