[0.016s] Invoking command in '/home/rosdev/ros2_ws/build/object_coords': CMAKE_PREFIX_PATH=/opt/ros/humble /usr/bin/cmake --build /home/rosdev/ros2_ws/build/object_coords -- -j20 -l20
[0.085s] [100%] Built target object_coords
[0.100s] Invoked command in '/home/rosdev/ros2_ws/build/object_coords' returned '0': CMAKE_PREFIX_PATH=/opt/ros/humble /usr/bin/cmake --build /home/rosdev/ros2_ws/build/object_coords -- -j20 -l20
[0.176s] Invoking command in '/home/rosdev/ros2_ws/build/object_coords': CMAKE_PREFIX_PATH=/opt/ros/humble /usr/bin/cmake --install /home/rosdev/ros2_ws/build/object_coords
[0.186s] -- Install configuration: ""
[0.186s] -- Up-to-date: /home/rosdev/ros2_ws/install/object_coords/lib/object_coords/object_coords
[0.186s] -- Up-to-date: /home/rosdev/ros2_ws/install/object_coords/share/ament_index/resource_index/package_run_dependencies/object_coords
[0.186s] -- Up-to-date: /home/rosdev/ros2_ws/install/object_coords/share/ament_index/resource_index/parent_prefix_path/object_coords
[0.186s] -- Up-to-date: /home/rosdev/ros2_ws/install/object_coords/share/object_coords/environment/ament_prefix_path.sh
[0.186s] -- Up-to-date: /home/rosdev/ros2_ws/install/object_coords/share/object_coords/environment/ament_prefix_path.dsv
[0.186s] -- Up-to-date: /home/rosdev/ros2_ws/install/object_coords/share/object_coords/environment/path.sh
[0.186s] -- Up-to-date: /home/rosdev/ros2_ws/install/object_coords/share/object_coords/environment/path.dsv
[0.186s] -- Up-to-date: /home/rosdev/ros2_ws/install/object_coords/share/object_coords/local_setup.bash
[0.186s] -- Up-to-date: /home/rosdev/ros2_ws/install/object_coords/share/object_coords/local_setup.sh
[0.186s] -- Up-to-date: /home/rosdev/ros2_ws/install/object_coords/share/object_coords/local_setup.zsh
[0.186s] -- Up-to-date: /home/rosdev/ros2_ws/install/object_coords/share/object_coords/local_setup.dsv
[0.186s] -- Installing: /home/rosdev/ros2_ws/install/object_coords/share/object_coords/package.dsv
[0.186s] -- Up-to-date: /home/rosdev/ros2_ws/install/object_coords/share/ament_index/resource_index/packages/object_coords
[0.186s] -- Up-to-date: /home/rosdev/ros2_ws/install/object_coords/share/object_coords/cmake/object_coordsConfig.cmake
[0.186s] -- Up-to-date: /home/rosdev/ros2_ws/install/object_coords/share/object_coords/cmake/object_coordsConfig-version.cmake
[0.186s] -- Up-to-date: /home/rosdev/ros2_ws/install/object_coords/share/object_coords/package.xml
[0.188s] Invoked command in '/home/rosdev/ros2_ws/build/object_coords' returned '0': CMAKE_PREFIX_PATH=/opt/ros/humble /usr/bin/cmake --install /home/rosdev/ros2_ws/build/object_coords
