[0.025s] Invoking command in '/home/rosdev/ros2_ws/build/object_coords': CMAKE_PREFIX_PATH=/opt/ros/humble /usr/bin/cmake /home/rosdev/ros2_ws/object_coords -DCMAKE_INSTALL_PREFIX=/home/rosdev/ros2_ws/install/object_coords
[0.165s] -- The C compiler identification is GNU 11.4.0
[0.280s] -- The CXX compiler identification is GNU 11.4.0
[0.296s] -- Detecting C compiler ABI info
[0.416s] -- Detecting C compiler ABI info - done
[0.431s] -- Check for working C compiler: /usr/bin/cc - skipped
[0.433s] -- Detecting C compile features
[0.435s] -- Detecting C compile features - done
[0.442s] -- Detecting CXX compiler ABI info
[0.620s] -- Detecting CXX compiler ABI info - done
[0.641s] -- Check for working CXX compiler: /usr/bin/c++ - skipped
[0.641s] -- Detecting CXX compile features
[0.642s] -- Detecting CXX compile features - done
[0.653s] -- Found ament_cmake: 1.3.10 (/opt/ros/humble/share/ament_cmake/cmake)
[0.880s] -- Found Python3: /usr/bin/python3 (found version "3.10.12") found components: Interpreter 
[1.100s] -- Found ament_lint_auto: 0.12.11 (/opt/ros/humble/share/ament_lint_auto/cmake)
[1.271s] -- Added test 'cppcheck' to perform static code analysis on C / C++ code
[1.271s] -- Configured cppcheck include dirs: 
[1.271s] -- Configured cppcheck exclude dirs and/or files: 
[1.273s] -- Added test 'lint_cmake' to check CMake code style
[1.275s] -- Added test 'uncrustify' to check C / C++ code style
[1.275s] -- Configured uncrustify additional arguments: 
[1.276s] -- Added test 'xmllint' to check XML markup files
[1.279s] -- Configuring done
[1.283s] -- Generating done
[1.284s] -- Build files have been written to: /home/rosdev/ros2_ws/build/object_coords
[1.293s] Invoked command in '/home/rosdev/ros2_ws/build/object_coords' returned '0': CMAKE_PREFIX_PATH=/opt/ros/humble /usr/bin/cmake /home/rosdev/ros2_ws/object_coords -DCMAKE_INSTALL_PREFIX=/home/rosdev/ros2_ws/install/object_coords
[1.294s] Invoking command in '/home/rosdev/ros2_ws/build/object_coords': CMAKE_PREFIX_PATH=/opt/ros/humble /usr/bin/cmake --build /home/rosdev/ros2_ws/build/object_coords -- -j20 -l20
[1.357s] Invoked command in '/home/rosdev/ros2_ws/build/object_coords' returned '0': CMAKE_PREFIX_PATH=/opt/ros/humble /usr/bin/cmake --build /home/rosdev/ros2_ws/build/object_coords -- -j20 -l20
[1.408s] Invoking command in '/home/rosdev/ros2_ws/build/object_coords': CMAKE_PREFIX_PATH=/opt/ros/humble /usr/bin/cmake --install /home/rosdev/ros2_ws/build/object_coords
[1.419s] -- Install configuration: ""
[1.419s] -- Installing: /home/rosdev/ros2_ws/install/object_coords/share/ament_index/resource_index/package_run_dependencies/object_coords
[1.420s] -- Installing: /home/rosdev/ros2_ws/install/object_coords/share/ament_index/resource_index/parent_prefix_path/object_coords
[1.420s] -- Installing: /home/rosdev/ros2_ws/install/object_coords/share/object_coords/environment/ament_prefix_path.sh
[1.420s] -- Installing: /home/rosdev/ros2_ws/install/object_coords/share/object_coords/environment/ament_prefix_path.dsv
[1.421s] -- Installing: /home/rosdev/ros2_ws/install/object_coords/share/object_coords/environment/path.sh
[1.421s] -- Installing: /home/rosdev/ros2_ws/install/object_coords/share/object_coords/environment/path.dsv
[1.421s] -- Installing: /home/rosdev/ros2_ws/install/object_coords/share/object_coords/local_setup.bash
[1.421s] -- Installing: /home/rosdev/ros2_ws/install/object_coords/share/object_coords/local_setup.sh
[1.421s] -- Installing: /home/rosdev/ros2_ws/install/object_coords/share/object_coords/local_setup.zsh
[1.421s] -- Installing: /home/rosdev/ros2_ws/install/object_coords/share/object_coords/local_setup.dsv
[1.421s] -- Installing: /home/rosdev/ros2_ws/install/object_coords/share/object_coords/package.dsv
[1.421s] -- Installing: /home/rosdev/ros2_ws/install/object_coords/share/ament_index/resource_index/packages/object_coords
[1.421s] -- Installing: /home/rosdev/ros2_ws/install/object_coords/share/object_coords/cmake/object_coordsConfig.cmake
[1.422s] -- Installing: /home/rosdev/ros2_ws/install/object_coords/share/object_coords/cmake/object_coordsConfig-version.cmake
[1.422s] -- Installing: /home/rosdev/ros2_ws/install/object_coords/share/object_coords/package.xml
[1.426s] Invoked command in '/home/rosdev/ros2_ws/build/object_coords' returned '0': CMAKE_PREFIX_PATH=/opt/ros/humble /usr/bin/cmake --install /home/rosdev/ros2_ws/build/object_coords
